<?xml version="1.0" encoding="UTF-8"?>
<testsuite name="br.com.souto.AnalyticsTest" tests="1" skipped="0" failures="0" errors="0" timestamp="2018-08-29T19:28:02" hostname="RBSN2371" time="0.001">
  <properties/>
  <testcase name="emptyTest" classname="br.com.souto.AnalyticsTest" time="0.001"/>
  <system-out><![CDATA[]]></system-out>
  <system-err><![CDATA[]]></system-err>
</testsuite>
